# JRE version: OpenJDK Runtime Environment (8.0_152-b01) (build 1.8.0_152-release-915-b01)
# Java VM: OpenJDK 64-Bit Server VM (25.152-b01 mixed mode windows-amd64 compressed oops)
Heap:
 PSYoungGen      total 484864K, used 114005K [0x00000000e0000000, 0x0000000100000000, 0x0000000100000000)
  eden space 445440K, 20% used [0x00000000e0000000,0x00000000e576fa60,0x00000000fb300000)
  from space 39424K, 62% used [0x00000000fb300000,0x00000000fcae5d50,0x00000000fd980000)
  to   space 39424K, 0% used [0x00000000fd980000,0x00000000fd980000,0x0000000100000000)
 ParOldGen       total 182784K, used 103852K [0x00000000a0000000, 0x00000000ab280000, 0x00000000e0000000)
  object space 182784K, 56% used [0x00000000a0000000,0x00000000a656b2a8,0x00000000ab280000)
 Metaspace       used 116767K, capacity 131300K, committed 131584K, reserved 1161216K
  class space    used 15162K, capacity 19150K, committed 19200K, reserved 1048576K
GC Heap History (10 events):
Event: 3733.835 GC heap before
{Heap before GC invocations=23 (full 4):
 PSYoungGen      total 487424K, used 487400K [0x00000000e0000000, 0x0000000100000000, 0x0000000100000000)
  eden space 461824K, 100% used [0x00000000e0000000,0x00000000fc300000,0x00000000fc300000)
  from space 25600K, 99% used [0x00000000fe700000,0x00000000ffffa158,0x0000000100000000)
  to   space 31232K, 0% used [0x00000000fc300000,0x00000000fc300000,0x00000000fe180000)
 ParOldGen       total 182784K, used 69985K [0x00000000a0000000, 0x00000000ab280000, 0x00000000e0000000)
  object space 182784K, 38% used [0x00000000a0000000,0x00000000a44587d0,0x00000000ab280000)
 Metaspace       used 97639K, capacity 107760K, committed 108288K, reserved 1142784K
  class space    used 12638K, capacity 15558K, committed 15872K, reserved 1048576K
Event: 3733.872 GC heap after
Heap after GC invocations=23 (full 4):
 PSYoungGen      total 491008K, used 28890K [0x00000000e0000000, 0x0000000100000000, 0x0000000100000000)
  eden space 461824K, 0% used [0x00000000e0000000,0x00000000e0000000,0x00000000fc300000)
  from space 29184K, 98% used [0x00000000fc300000,0x00000000fdf36bf8,0x00000000fdf80000)
  to   space 33280K, 0% used [0x00000000fdf80000,0x00000000fdf80000,0x0000000100000000)
 ParOldGen       total 182784K, used 91206K [0x00000000a0000000, 0x00000000ab280000, 0x00000000e0000000)
  object space 182784K, 49% used [0x00000000a0000000,0x00000000a5911940,0x00000000ab280000)
 Metaspace       used 97639K, capacity 107760K, committed 108288K, reserved 1142784K
  class space    used 12638K, capacity 15558K, committed 15872K, reserved 1048576K
}
Event: 4080.930 GC heap before
{Heap before GC invocations=24 (full 4):
 PSYoungGen      total 491008K, used 490692K [0x00000000e0000000, 0x0000000100000000, 0x0000000100000000)
  eden space 461824K, 99% used [0x00000000e0000000,0x00000000fc2fa4d8,0x00000000fc300000)
  from space 29184K, 98% used [0x00000000fc300000,0x00000000fdf36bf8,0x00000000fdf80000)
  to   space 33280K, 0% used [0x00000000fdf80000,0x00000000fdf80000,0x0000000100000000)
 ParOldGen       total 182784K, used 91206K [0x00000000a0000000, 0x00000000ab280000, 0x00000000e0000000)
  object space 182784K, 49% used [0x00000000a0000000,0x00000000a5911940,0x00000000ab280000)
 Metaspace       used 104925K, capacity 116004K, committed 116352K, reserved 1148928K
  class space    used 13631K, capacity 16877K, committed 17024K, reserved 1048576K
Event: 4080.951 GC heap after
Heap after GC invocations=24 (full 4):
 PSYoungGen      total 486912K, used 20804K [0x00000000e0000000, 0x0000000100000000, 0x0000000100000000)
  eden space 453632K, 0% used [0x00000000e0000000,0x00000000e0000000,0x00000000fbb00000)
  from space 33280K, 62% used [0x00000000fdf80000,0x00000000ff3d12a0,0x0000000100000000)
  to   space 35328K, 0% used [0x00000000fbb00000,0x00000000fbb00000,0x00000000fdd80000)
 ParOldGen       total 182784K, used 91214K [0x00000000a0000000, 0x00000000ab280000, 0x00000000e0000000)
  object space 182784K, 49% used [0x00000000a0000000,0x00000000a5913940,0x00000000ab280000)
 Metaspace       used 104925K, capacity 116004K, committed 116352K, reserved 1148928K
  class space    used 13631K, capacity 16877K, committed 17024K, reserved 1048576K
}
Event: 4101.773 GC heap before
{Heap before GC invocations=25 (full 4):
 PSYoungGen      total 486912K, used 474436K [0x00000000e0000000, 0x0000000100000000, 0x0000000100000000)
  eden space 453632K, 100% used [0x00000000e0000000,0x00000000fbb00000,0x00000000fbb00000)
  from space 33280K, 62% used [0x00000000fdf80000,0x00000000ff3d12a0,0x0000000100000000)
  to   space 35328K, 0% used [0x00000000fbb00000,0x00000000fbb00000,0x00000000fdd80000)
 ParOldGen       total 182784K, used 91214K [0x00000000a0000000, 0x00000000ab280000, 0x00000000e0000000)
  object space 182784K, 49% used [0x00000000a0000000,0x00000000a5913940,0x00000000ab280000)
 Metaspace       used 114516K, capacity 126890K, committed 127232K, reserved 1159168K
  class space    used 14802K, capacity 18245K, committed 18432K, reserved 1048576K
Event: 4101.799 GC heap after
Heap after GC invocations=25 (full 4):
 PSYoungGen      total 488960K, used 35323K [0x00000000e0000000, 0x0000000100000000, 0x0000000100000000)
  eden space 453632K, 0% used [0x00000000e0000000,0x00000000e0000000,0x00000000fbb00000)
  from space 35328K, 99% used [0x00000000fbb00000,0x00000000fdd7ec68,0x00000000fdd80000)
  to   space 35328K, 0% used [0x00000000fdd80000,0x00000000fdd80000,0x0000000100000000)
 ParOldGen       total 182784K, used 94172K [0x00000000a0000000, 0x00000000ab280000, 0x00000000e0000000)
  object space 182784K, 51% used [0x00000000a0000000,0x00000000a5bf71e0,0x00000000ab280000)
 Metaspace       used 114516K, capacity 126890K, committed 127232K, reserved 1159168K
  class space    used 14802K, capacity 18245K, committed 18432K, reserved 1048576K
}
Event: 8159.238 GC heap before
{Heap before GC invocations=26 (full 4):
 PSYoungGen      total 488960K, used 488955K [0x00000000e0000000, 0x0000000100000000, 0x0000000100000000)
  eden space 453632K, 100% used [0x00000000e0000000,0x00000000fbb00000,0x00000000fbb00000)
  from space 35328K, 99% used [0x00000000fbb00000,0x00000000fdd7ec68,0x00000000fdd80000)
  to   space 35328K, 0% used [0x00000000fdd80000,0x00000000fdd80000,0x0000000100000000)
 ParOldGen       total 182784K, used 94172K [0x00000000a0000000, 0x00000000ab280000, 0x00000000e0000000)
  object space 182784K, 51% used [0x00000000a0000000,0x00000000a5bf71e0,0x00000000ab280000)
 Metaspace       used 115458K, capacity 128524K, committed 128768K, reserved 1159168K
  class space    used 14933K, capacity 18537K, committed 18688K, reserved 1048576K
Event: 8159.263 GC heap after
Heap after GC invocations=26 (full 4):
 PSYoungGen      total 480768K, used 19216K [0x00000000e0000000, 0x0000000100000000, 0x0000000100000000)
  eden space 445440K, 0% used [0x00000000e0000000,0x00000000e0000000,0x00000000fb300000)
  from space 35328K, 54% used [0x00000000fdd80000,0x00000000ff044348,0x0000000100000000)
  to   space 39424K, 0% used [0x00000000fb300000,0x00000000fb300000,0x00000000fd980000)
 ParOldGen       total 182784K, used 103844K [0x00000000a0000000, 0x00000000ab280000, 0x00000000e0000000)
  object space 182784K, 56% used [0x00000000a0000000,0x00000000a65692a8,0x00000000ab280000)
 Metaspace       used 115458K, capacity 128524K, committed 128768K, reserved 1159168K
  class space    used 14933K, capacity 18537K, committed 18688K, reserved 1048576K
}
Event: 8919.380 GC heap before
{Heap before GC invocations=27 (full 4):
 PSYoungGen      total 480768K, used 464656K [0x00000000e0000000, 0x0000000100000000, 0x0000000100000000)
  eden space 445440K, 100% used [0x00000000e0000000,0x00000000fb300000,0x00000000fb300000)
  from space 35328K, 54% used [0x00000000fdd80000,0x00000000ff044348,0x0000000100000000)
  to   space 39424K, 0% used [0x00000000fb300000,0x00000000fb300000,0x00000000fd980000)
 ParOldGen       total 182784K, used 103844K [0x00000000a0000000, 0x00000000ab280000, 0x00000000e0000000)
  object space 182784K, 56% used [0x00000000a0000000,0x00000000a65692a8,0x00000000ab280000)
 Metaspace       used 116582K, capacity 131010K, committed 131328K, reserved 1161216K
  class space    used 15141K, capacity 19123K, committed 19200K, reserved 1048576K
Event: 8919.459 GC heap after
Heap after GC invocations=27 (full 4):
 PSYoungGen      total 484864K, used 24471K [0x00000000e0000000, 0x0000000100000000, 0x0000000100000000)
  eden space 445440K, 0% used [0x00000000e0000000,0x00000000e0000000,0x00000000fb300000)
  from space 39424K, 62% used [0x00000000fb300000,0x00000000fcae5d50,0x00000000fd980000)
  to   space 39424K, 0% used [0x00000000fd980000,0x00000000fd980000,0x0000000100000000)
 ParOldGen       total 182784K, used 103852K [0x00000000a0000000, 0x00000000ab280000, 0x00000000e0000000)
  object space 182784K, 56% used [0x00000000a0000000,0x00000000a656b2a8,0x00000000ab280000)
 Metaspace       used 116582K, capacity 131010K, committed 131328K, reserved 1161216K
  class space    used 15141K, capacity 19123K, committed 19200K, reserved 1048576K
}

